Terminals unused in grammar

    assign
    assign_sum
    assign_sub
    assign_mult
    assign_div
    assign_set_union
    assign_set_intersection
    op_not
    op_or
    op_and
    op_gt
    op_lt
    op_lte
    op_gte
    op_equal
    op_diff
    op_mod
    parenteses_esquerda
    parenteses_direita
    op_mult
    op_div
    op_sub
    virgula
    ponto
    set_intersection
    set_union
    key_bool
    key_caractere
    key_set
    key_vetor
    key_continue
    key_while
    key_write
    key_int
    key_read
    key_for
    key_for_set
    key_in
    key_break
    key_string
    key_if
    key_else
    key_real
    key_register
    key_return
    key_return_nothing
    key_def
    key_deftipo
    colchetes_esquerda
    colchetes_direita
    circunflexo
    ponto_virgula
    chaves_esquerda
    chaves_direita
    empty
    TExpressao
    TExp1
    TTLogico
    TTLogico1
    TFLogico
    TExpRel
    TExpRel2
    TExpA
    TExpA1
    TTermo
    TTermo1
    TFator
    TFator2
    TExpUnaria
    TExpBase
    TExpId
    TInstrucoes
    TInstrucoes2
    TInstrucao
    TInstrucaoDeclaracaoInicializacao
    TInstrucaoDeclaracaoInicializacao2
    TInstrucaoDeclaracaoInicializacao3
    TInstrucaoAtribuicaoCasting
    TInstrucaoChamadaId
    TChamadaFuncaoOuAtribuicao
    TLvalueId
    TOperadoresAtribuicao
    TListaIdentificadores
    TListaIdentificadores2
    TListaExpressoes
    TListaExpressoes2
    TInstrucaoCondicional
    TInstrucaoCondicional2
    TInstrucaoRepeticao
    TLacoPara
    TLacoParaConjunto
    TLacoEnquanto
    TInstrucaoSaida
    TInstrucaoIO
    TBloco
    TDefinicaoFuncao
    TListaParametrosFuncao
    TListaParametrosFuncao2
    TTipoFuncao
    TParametroFuncao
    TTipo
    TTipoPrimitivo
    TTipoNumerico
    TTipoEstruturado
    TPrograma
    TDef
    TDefinicaoRegistro
    TListaAtributos
    TListaAtributos2


Grammar

    0 $accept: PROGRAM eof

    1 PROGRAM: EXP eof

    2 EXP: id EXP_ID
    3    | inteiro
    4    | real
    5    | caractere
    6    | palavra
    7    | booleano
    8    | '(' EXP ')'
    9    | EXP "||" EXP
   10    | EXP "&&" EXP
   11    | '~' EXP
   12    | '-' EXP
   13    | op_sum EXP
   14    | EXP '-' EXP
   15    | EXP op_sum EXP
   16    | EXP "/\\" EXP
   17    | EXP "\\/" EXP
   18    | EXP '*' EXP
   19    | EXP '/' EXP
   20    | EXP '%' EXP
   21    | EXP '^' EXP
   22    | EXP "!=" EXP
   23    | EXP "==" EXP
   24    | EXP ">=" EXP
   25    | EXP "<=" EXP
   26    | EXP '>' EXP
   27    | EXP '<' EXP

   28 EXP_ID: %empty
   29       | '.' id
   30       | '[' EXP ']'
   31       | '(' EXP ')'


Terminals, with rules where they appear

    eof (0) 0 1
    '%' (37) 20
    '(' (40) 8 31
    ')' (41) 8 31
    '*' (42) 18
    '-' (45) 12 14
    '.' (46) 29
    '/' (47) 19
    '<' (60) 27
    '>' (62) 26
    '[' (91) 30
    ']' (93) 30
    '^' (94) 21
    '~' (126) 11
    error (256)
    assign (258)
    assign_sum (259)
    assign_sub (260)
    assign_mult (261)
    assign_div (262)
    assign_set_union (263)
    assign_set_intersection (264)
    op_not (265)
    op_or (266)
    op_and (267)
    op_gt (268)
    op_lt (269)
    op_lte (270)
    op_gte (271)
    op_equal (272)
    op_diff (273)
    op_mod (274)
    parenteses_esquerda (275)
    parenteses_direita (276)
    op_mult (277)
    op_div (278)
    op_sum (279) 13 15
    op_sub (280)
    virgula (281)
    ponto (282)
    set_intersection (283)
    set_union (284)
    key_bool (285)
    key_caractere (286)
    key_set (287)
    key_vetor (288)
    key_continue (289)
    key_while (290)
    key_write (291)
    key_int (292)
    key_read (293)
    key_for (294)
    key_for_set (295)
    key_in (296)
    key_break (297)
    key_string (298)
    key_if (299)
    key_else (300)
    key_real (301)
    key_register (302)
    key_return (303)
    key_return_nothing (304)
    key_def (305)
    key_deftipo (306)
    booleano (307) 7
    inteiro (308) 3
    real (309) 4
    caractere (310) 5
    palavra (311) 6
    id (312) 2 29
    colchetes_esquerda (313)
    colchetes_direita (314)
    circunflexo (315)
    ponto_virgula (316)
    chaves_esquerda (317)
    chaves_direita (318)
    empty (319)
    TExpressao (320)
    TExp1 (321)
    TTLogico (322)
    TTLogico1 (323)
    TFLogico (324)
    TExpRel (325)
    TExpRel2 (326)
    TExpA (327)
    TExpA1 (328)
    TTermo (329)
    TTermo1 (330)
    TFator (331)
    TFator2 (332)
    TExpUnaria (333)
    TExpBase (334)
    TExpId (335)
    TInstrucoes (336)
    TInstrucoes2 (337)
    TInstrucao (338)
    TInstrucaoDeclaracaoInicializacao (339)
    TInstrucaoDeclaracaoInicializacao2 (340)
    TInstrucaoDeclaracaoInicializacao3 (341)
    TInstrucaoAtribuicaoCasting (342)
    TInstrucaoChamadaId (343)
    TChamadaFuncaoOuAtribuicao (344)
    TLvalueId (345)
    TOperadoresAtribuicao (346)
    TListaIdentificadores (347)
    TListaIdentificadores2 (348)
    TListaExpressoes (349)
    TListaExpressoes2 (350)
    TInstrucaoCondicional (351)
    TInstrucaoCondicional2 (352)
    TInstrucaoRepeticao (353)
    TLacoPara (354)
    TLacoParaConjunto (355)
    TLacoEnquanto (356)
    TInstrucaoSaida (357)
    TInstrucaoIO (358)
    TBloco (359)
    TDefinicaoFuncao (360)
    TListaParametrosFuncao (361)
    TListaParametrosFuncao2 (362)
    TTipoFuncao (363)
    TParametroFuncao (364)
    TTipo (365)
    TTipoPrimitivo (366)
    TTipoNumerico (367)
    TTipoEstruturado (368)
    TPrograma (369)
    TDef (370)
    TDefinicaoRegistro (371)
    TListaAtributos (372)
    TListaAtributos2 (373)
    "||" (374) 9
    "&&" (375) 10
    "!=" (376) 22
    "==" (377) 23
    ">=" (378) 24
    "<=" (379) 25
    "/\\" (380) 16
    "\\/" (381) 17


Nonterminals, with rules where they appear

    $accept (140)
        on left: 0
    PROGRAM (141)
        on left: 1
        on right: 0
    EXP (142)
        on left: 2 3 4 5 6 7 8 9 10 11 12 13 14 15 16 17 18 19 20 21 22 23 24 25 26 27
        on right: 1 8 9 10 11 12 13 14 15 16 17 18 19 20 21 22 23 24 25 26 27 30 31
    EXP_ID (143)
        on left: 28 29 30 31
        on right: 2


State 0

    0 $accept: . PROGRAM eof

    op_sum     shift, and go to state 1
    booleano   shift, and go to state 2
    inteiro    shift, and go to state 3
    real       shift, and go to state 4
    caractere  shift, and go to state 5
    palavra    shift, and go to state 6
    id         shift, and go to state 7
    '~'        shift, and go to state 8
    '-'        shift, and go to state 9
    '('        shift, and go to state 10

    PROGRAM  go to state 11
    EXP      go to state 12


State 1

   13 EXP: op_sum . EXP

    op_sum     shift, and go to state 1
    booleano   shift, and go to state 2
    inteiro    shift, and go to state 3
    real       shift, and go to state 4
    caractere  shift, and go to state 5
    palavra    shift, and go to state 6
    id         shift, and go to state 7
    '~'        shift, and go to state 8
    '-'        shift, and go to state 9
    '('        shift, and go to state 10

    EXP  go to state 13


State 2

    7 EXP: booleano .

    $default  reduce using rule 7 (EXP)


State 3

    3 EXP: inteiro .

    $default  reduce using rule 3 (EXP)


State 4

    4 EXP: real .

    $default  reduce using rule 4 (EXP)


State 5

    5 EXP: caractere .

    $default  reduce using rule 5 (EXP)


State 6

    6 EXP: palavra .

    $default  reduce using rule 6 (EXP)


State 7

    2 EXP: id . EXP_ID

    '('  shift, and go to state 14
    '.'  shift, and go to state 15
    '['  shift, and go to state 16

    $default  reduce using rule 28 (EXP_ID)

    EXP_ID  go to state 17


State 8

   11 EXP: '~' . EXP

    op_sum     shift, and go to state 1
    booleano   shift, and go to state 2
    inteiro    shift, and go to state 3
    real       shift, and go to state 4
    caractere  shift, and go to state 5
    palavra    shift, and go to state 6
    id         shift, and go to state 7
    '~'        shift, and go to state 8
    '-'        shift, and go to state 9
    '('        shift, and go to state 10

    EXP  go to state 18


State 9

   12 EXP: '-' . EXP

    op_sum     shift, and go to state 1
    booleano   shift, and go to state 2
    inteiro    shift, and go to state 3
    real       shift, and go to state 4
    caractere  shift, and go to state 5
    palavra    shift, and go to state 6
    id         shift, and go to state 7
    '~'        shift, and go to state 8
    '-'        shift, and go to state 9
    '('        shift, and go to state 10

    EXP  go to state 19


State 10

    8 EXP: '(' . EXP ')'

    op_sum     shift, and go to state 1
    booleano   shift, and go to state 2
    inteiro    shift, and go to state 3
    real       shift, and go to state 4
    caractere  shift, and go to state 5
    palavra    shift, and go to state 6
    id         shift, and go to state 7
    '~'        shift, and go to state 8
    '-'        shift, and go to state 9
    '('        shift, and go to state 10

    EXP  go to state 20


State 11

    0 $accept: PROGRAM . eof

    eof  shift, and go to state 21


State 12

    1 PROGRAM: EXP . eof
    9 EXP: EXP . "||" EXP
   10    | EXP . "&&" EXP
   14    | EXP . '-' EXP
   15    | EXP . op_sum EXP
   16    | EXP . "/\\" EXP
   17    | EXP . "\\/" EXP
   18    | EXP . '*' EXP
   19    | EXP . '/' EXP
   20    | EXP . '%' EXP
   21    | EXP . '^' EXP
   22    | EXP . "!=" EXP
   23    | EXP . "==" EXP
   24    | EXP . ">=" EXP
   25    | EXP . "<=" EXP
   26    | EXP . '>' EXP
   27    | EXP . '<' EXP

    eof     shift, and go to state 22
    op_sum  shift, and go to state 23
    "||"    shift, and go to state 24
    "&&"    shift, and go to state 25
    "!="    shift, and go to state 26
    "=="    shift, and go to state 27
    ">="    shift, and go to state 28
    "<="    shift, and go to state 29
    '>'     shift, and go to state 30
    '<'     shift, and go to state 31
    '-'     shift, and go to state 32
    "/\\"   shift, and go to state 33
    "\\/"   shift, and go to state 34
    '*'     shift, and go to state 35
    '/'     shift, and go to state 36
    '%'     shift, and go to state 37
    '^'     shift, and go to state 38


State 13

    9 EXP: EXP . "||" EXP
   10    | EXP . "&&" EXP
   13    | op_sum EXP .
   14    | EXP . '-' EXP
   15    | EXP . op_sum EXP
   16    | EXP . "/\\" EXP
   17    | EXP . "\\/" EXP
   18    | EXP . '*' EXP
   19    | EXP . '/' EXP
   20    | EXP . '%' EXP
   21    | EXP . '^' EXP
   22    | EXP . "!=" EXP
   23    | EXP . "==" EXP
   24    | EXP . ">=" EXP
   25    | EXP . "<=" EXP
   26    | EXP . '>' EXP
   27    | EXP . '<' EXP

    '*'  shift, and go to state 35
    '/'  shift, and go to state 36
    '%'  shift, and go to state 37
    '^'  shift, and go to state 38

    $default  reduce using rule 13 (EXP)


State 14

   31 EXP_ID: '(' . EXP ')'

    op_sum     shift, and go to state 1
    booleano   shift, and go to state 2
    inteiro    shift, and go to state 3
    real       shift, and go to state 4
    caractere  shift, and go to state 5
    palavra    shift, and go to state 6
    id         shift, and go to state 7
    '~'        shift, and go to state 8
    '-'        shift, and go to state 9
    '('        shift, and go to state 10

    EXP  go to state 39


State 15

   29 EXP_ID: '.' . id

    id  shift, and go to state 40


State 16

   30 EXP_ID: '[' . EXP ']'

    op_sum     shift, and go to state 1
    booleano   shift, and go to state 2
    inteiro    shift, and go to state 3
    real       shift, and go to state 4
    caractere  shift, and go to state 5
    palavra    shift, and go to state 6
    id         shift, and go to state 7
    '~'        shift, and go to state 8
    '-'        shift, and go to state 9
    '('        shift, and go to state 10

    EXP  go to state 41


State 17

    2 EXP: id EXP_ID .

    $default  reduce using rule 2 (EXP)


State 18

    9 EXP: EXP . "||" EXP
   10    | EXP . "&&" EXP
   11    | '~' EXP .
   14    | EXP . '-' EXP
   15    | EXP . op_sum EXP
   16    | EXP . "/\\" EXP
   17    | EXP . "\\/" EXP
   18    | EXP . '*' EXP
   19    | EXP . '/' EXP
   20    | EXP . '%' EXP
   21    | EXP . '^' EXP
   22    | EXP . "!=" EXP
   23    | EXP . "==" EXP
   24    | EXP . ">=" EXP
   25    | EXP . "<=" EXP
   26    | EXP . '>' EXP
   27    | EXP . '<' EXP

    op_sum  shift, and go to state 23
    "!="    shift, and go to state 26
    "=="    shift, and go to state 27
    ">="    shift, and go to state 28
    "<="    shift, and go to state 29
    '>'     shift, and go to state 30
    '<'     shift, and go to state 31
    '-'     shift, and go to state 32
    "/\\"   shift, and go to state 33
    "\\/"   shift, and go to state 34
    '*'     shift, and go to state 35
    '/'     shift, and go to state 36
    '%'     shift, and go to state 37
    '^'     shift, and go to state 38

    $default  reduce using rule 11 (EXP)


State 19

    9 EXP: EXP . "||" EXP
   10    | EXP . "&&" EXP
   12    | '-' EXP .
   14    | EXP . '-' EXP
   15    | EXP . op_sum EXP
   16    | EXP . "/\\" EXP
   17    | EXP . "\\/" EXP
   18    | EXP . '*' EXP
   19    | EXP . '/' EXP
   20    | EXP . '%' EXP
   21    | EXP . '^' EXP
   22    | EXP . "!=" EXP
   23    | EXP . "==" EXP
   24    | EXP . ">=" EXP
   25    | EXP . "<=" EXP
   26    | EXP . '>' EXP
   27    | EXP . '<' EXP

    '*'  shift, and go to state 35
    '/'  shift, and go to state 36
    '%'  shift, and go to state 37
    '^'  shift, and go to state 38

    $default  reduce using rule 12 (EXP)


State 20

    8 EXP: '(' EXP . ')'
    9    | EXP . "||" EXP
   10    | EXP . "&&" EXP
   14    | EXP . '-' EXP
   15    | EXP . op_sum EXP
   16    | EXP . "/\\" EXP
   17    | EXP . "\\/" EXP
   18    | EXP . '*' EXP
   19    | EXP . '/' EXP
   20    | EXP . '%' EXP
   21    | EXP . '^' EXP
   22    | EXP . "!=" EXP
   23    | EXP . "==" EXP
   24    | EXP . ">=" EXP
   25    | EXP . "<=" EXP
   26    | EXP . '>' EXP
   27    | EXP . '<' EXP

    op_sum  shift, and go to state 23
    "||"    shift, and go to state 24
    "&&"    shift, and go to state 25
    "!="    shift, and go to state 26
    "=="    shift, and go to state 27
    ">="    shift, and go to state 28
    "<="    shift, and go to state 29
    '>'     shift, and go to state 30
    '<'     shift, and go to state 31
    '-'     shift, and go to state 32
    "/\\"   shift, and go to state 33
    "\\/"   shift, and go to state 34
    '*'     shift, and go to state 35
    '/'     shift, and go to state 36
    '%'     shift, and go to state 37
    '^'     shift, and go to state 38
    ')'     shift, and go to state 42


State 21

    0 $accept: PROGRAM eof .

    $default  accept


State 22

    1 PROGRAM: EXP eof .

    $default  reduce using rule 1 (PROGRAM)


State 23

   15 EXP: EXP op_sum . EXP

    op_sum     shift, and go to state 1
    booleano   shift, and go to state 2
    inteiro    shift, and go to state 3
    real       shift, and go to state 4
    caractere  shift, and go to state 5
    palavra    shift, and go to state 6
    id         shift, and go to state 7
    '~'        shift, and go to state 8
    '-'        shift, and go to state 9
    '('        shift, and go to state 10

    EXP  go to state 43


State 24

    9 EXP: EXP "||" . EXP

    op_sum     shift, and go to state 1
    booleano   shift, and go to state 2
    inteiro    shift, and go to state 3
    real       shift, and go to state 4
    caractere  shift, and go to state 5
    palavra    shift, and go to state 6
    id         shift, and go to state 7
    '~'        shift, and go to state 8
    '-'        shift, and go to state 9
    '('        shift, and go to state 10

    EXP  go to state 44


State 25

   10 EXP: EXP "&&" . EXP

    op_sum     shift, and go to state 1
    booleano   shift, and go to state 2
    inteiro    shift, and go to state 3
    real       shift, and go to state 4
    caractere  shift, and go to state 5
    palavra    shift, and go to state 6
    id         shift, and go to state 7
    '~'        shift, and go to state 8
    '-'        shift, and go to state 9
    '('        shift, and go to state 10

    EXP  go to state 45


State 26

   22 EXP: EXP "!=" . EXP

    op_sum     shift, and go to state 1
    booleano   shift, and go to state 2
    inteiro    shift, and go to state 3
    real       shift, and go to state 4
    caractere  shift, and go to state 5
    palavra    shift, and go to state 6
    id         shift, and go to state 7
    '~'        shift, and go to state 8
    '-'        shift, and go to state 9
    '('        shift, and go to state 10

    EXP  go to state 46


State 27

   23 EXP: EXP "==" . EXP

    op_sum     shift, and go to state 1
    booleano   shift, and go to state 2
    inteiro    shift, and go to state 3
    real       shift, and go to state 4
    caractere  shift, and go to state 5
    palavra    shift, and go to state 6
    id         shift, and go to state 7
    '~'        shift, and go to state 8
    '-'        shift, and go to state 9
    '('        shift, and go to state 10

    EXP  go to state 47


State 28

   24 EXP: EXP ">=" . EXP

    op_sum     shift, and go to state 1
    booleano   shift, and go to state 2
    inteiro    shift, and go to state 3
    real       shift, and go to state 4
    caractere  shift, and go to state 5
    palavra    shift, and go to state 6
    id         shift, and go to state 7
    '~'        shift, and go to state 8
    '-'        shift, and go to state 9
    '('        shift, and go to state 10

    EXP  go to state 48


State 29

   25 EXP: EXP "<=" . EXP

    op_sum     shift, and go to state 1
    booleano   shift, and go to state 2
    inteiro    shift, and go to state 3
    real       shift, and go to state 4
    caractere  shift, and go to state 5
    palavra    shift, and go to state 6
    id         shift, and go to state 7
    '~'        shift, and go to state 8
    '-'        shift, and go to state 9
    '('        shift, and go to state 10

    EXP  go to state 49


State 30

   26 EXP: EXP '>' . EXP

    op_sum     shift, and go to state 1
    booleano   shift, and go to state 2
    inteiro    shift, and go to state 3
    real       shift, and go to state 4
    caractere  shift, and go to state 5
    palavra    shift, and go to state 6
    id         shift, and go to state 7
    '~'        shift, and go to state 8
    '-'        shift, and go to state 9
    '('        shift, and go to state 10

    EXP  go to state 50


State 31

   27 EXP: EXP '<' . EXP

    op_sum     shift, and go to state 1
    booleano   shift, and go to state 2
    inteiro    shift, and go to state 3
    real       shift, and go to state 4
    caractere  shift, and go to state 5
    palavra    shift, and go to state 6
    id         shift, and go to state 7
    '~'        shift, and go to state 8
    '-'        shift, and go to state 9
    '('        shift, and go to state 10

    EXP  go to state 51


State 32

   14 EXP: EXP '-' . EXP

    op_sum     shift, and go to state 1
    booleano   shift, and go to state 2
    inteiro    shift, and go to state 3
    real       shift, and go to state 4
    caractere  shift, and go to state 5
    palavra    shift, and go to state 6
    id         shift, and go to state 7
    '~'        shift, and go to state 8
    '-'        shift, and go to state 9
    '('        shift, and go to state 10

    EXP  go to state 52


State 33

   16 EXP: EXP "/\\" . EXP

    op_sum     shift, and go to state 1
    booleano   shift, and go to state 2
    inteiro    shift, and go to state 3
    real       shift, and go to state 4
    caractere  shift, and go to state 5
    palavra    shift, and go to state 6
    id         shift, and go to state 7
    '~'        shift, and go to state 8
    '-'        shift, and go to state 9
    '('        shift, and go to state 10

    EXP  go to state 53


State 34

   17 EXP: EXP "\\/" . EXP

    op_sum     shift, and go to state 1
    booleano   shift, and go to state 2
    inteiro    shift, and go to state 3
    real       shift, and go to state 4
    caractere  shift, and go to state 5
    palavra    shift, and go to state 6
    id         shift, and go to state 7
    '~'        shift, and go to state 8
    '-'        shift, and go to state 9
    '('        shift, and go to state 10

    EXP  go to state 54


State 35

   18 EXP: EXP '*' . EXP

    op_sum     shift, and go to state 1
    booleano   shift, and go to state 2
    inteiro    shift, and go to state 3
    real       shift, and go to state 4
    caractere  shift, and go to state 5
    palavra    shift, and go to state 6
    id         shift, and go to state 7
    '~'        shift, and go to state 8
    '-'        shift, and go to state 9
    '('        shift, and go to state 10

    EXP  go to state 55


State 36

   19 EXP: EXP '/' . EXP

    op_sum     shift, and go to state 1
    booleano   shift, and go to state 2
    inteiro    shift, and go to state 3
    real       shift, and go to state 4
    caractere  shift, and go to state 5
    palavra    shift, and go to state 6
    id         shift, and go to state 7
    '~'        shift, and go to state 8
    '-'        shift, and go to state 9
    '('        shift, and go to state 10

    EXP  go to state 56


State 37

   20 EXP: EXP '%' . EXP

    op_sum     shift, and go to state 1
    booleano   shift, and go to state 2
    inteiro    shift, and go to state 3
    real       shift, and go to state 4
    caractere  shift, and go to state 5
    palavra    shift, and go to state 6
    id         shift, and go to state 7
    '~'        shift, and go to state 8
    '-'        shift, and go to state 9
    '('        shift, and go to state 10

    EXP  go to state 57


State 38

   21 EXP: EXP '^' . EXP

    op_sum     shift, and go to state 1
    booleano   shift, and go to state 2
    inteiro    shift, and go to state 3
    real       shift, and go to state 4
    caractere  shift, and go to state 5
    palavra    shift, and go to state 6
    id         shift, and go to state 7
    '~'        shift, and go to state 8
    '-'        shift, and go to state 9
    '('        shift, and go to state 10

    EXP  go to state 58


State 39

    9 EXP: EXP . "||" EXP
   10    | EXP . "&&" EXP
   14    | EXP . '-' EXP
   15    | EXP . op_sum EXP
   16    | EXP . "/\\" EXP
   17    | EXP . "\\/" EXP
   18    | EXP . '*' EXP
   19    | EXP . '/' EXP
   20    | EXP . '%' EXP
   21    | EXP . '^' EXP
   22    | EXP . "!=" EXP
   23    | EXP . "==" EXP
   24    | EXP . ">=" EXP
   25    | EXP . "<=" EXP
   26    | EXP . '>' EXP
   27    | EXP . '<' EXP
   31 EXP_ID: '(' EXP . ')'

    op_sum  shift, and go to state 23
    "||"    shift, and go to state 24
    "&&"    shift, and go to state 25
    "!="    shift, and go to state 26
    "=="    shift, and go to state 27
    ">="    shift, and go to state 28
    "<="    shift, and go to state 29
    '>'     shift, and go to state 30
    '<'     shift, and go to state 31
    '-'     shift, and go to state 32
    "/\\"   shift, and go to state 33
    "\\/"   shift, and go to state 34
    '*'     shift, and go to state 35
    '/'     shift, and go to state 36
    '%'     shift, and go to state 37
    '^'     shift, and go to state 38
    ')'     shift, and go to state 59


State 40

   29 EXP_ID: '.' id .

    $default  reduce using rule 29 (EXP_ID)


State 41

    9 EXP: EXP . "||" EXP
   10    | EXP . "&&" EXP
   14    | EXP . '-' EXP
   15    | EXP . op_sum EXP
   16    | EXP . "/\\" EXP
   17    | EXP . "\\/" EXP
   18    | EXP . '*' EXP
   19    | EXP . '/' EXP
   20    | EXP . '%' EXP
   21    | EXP . '^' EXP
   22    | EXP . "!=" EXP
   23    | EXP . "==" EXP
   24    | EXP . ">=" EXP
   25    | EXP . "<=" EXP
   26    | EXP . '>' EXP
   27    | EXP . '<' EXP
   30 EXP_ID: '[' EXP . ']'

    op_sum  shift, and go to state 23
    "||"    shift, and go to state 24
    "&&"    shift, and go to state 25
    "!="    shift, and go to state 26
    "=="    shift, and go to state 27
    ">="    shift, and go to state 28
    "<="    shift, and go to state 29
    '>'     shift, and go to state 30
    '<'     shift, and go to state 31
    '-'     shift, and go to state 32
    "/\\"   shift, and go to state 33
    "\\/"   shift, and go to state 34
    '*'     shift, and go to state 35
    '/'     shift, and go to state 36
    '%'     shift, and go to state 37
    '^'     shift, and go to state 38
    ']'     shift, and go to state 60


State 42

    8 EXP: '(' EXP ')' .

    $default  reduce using rule 8 (EXP)


State 43

    9 EXP: EXP . "||" EXP
   10    | EXP . "&&" EXP
   14    | EXP . '-' EXP
   15    | EXP . op_sum EXP
   15    | EXP op_sum EXP .
   16    | EXP . "/\\" EXP
   17    | EXP . "\\/" EXP
   18    | EXP . '*' EXP
   19    | EXP . '/' EXP
   20    | EXP . '%' EXP
   21    | EXP . '^' EXP
   22    | EXP . "!=" EXP
   23    | EXP . "==" EXP
   24    | EXP . ">=" EXP
   25    | EXP . "<=" EXP
   26    | EXP . '>' EXP
   27    | EXP . '<' EXP

    '*'  shift, and go to state 35
    '/'  shift, and go to state 36
    '%'  shift, and go to state 37
    '^'  shift, and go to state 38

    $default  reduce using rule 15 (EXP)


State 44

    9 EXP: EXP . "||" EXP
    9    | EXP "||" EXP .
   10    | EXP . "&&" EXP
   14    | EXP . '-' EXP
   15    | EXP . op_sum EXP
   16    | EXP . "/\\" EXP
   17    | EXP . "\\/" EXP
   18    | EXP . '*' EXP
   19    | EXP . '/' EXP
   20    | EXP . '%' EXP
   21    | EXP . '^' EXP
   22    | EXP . "!=" EXP
   23    | EXP . "==" EXP
   24    | EXP . ">=" EXP
   25    | EXP . "<=" EXP
   26    | EXP . '>' EXP
   27    | EXP . '<' EXP

    op_sum  shift, and go to state 23
    "&&"    shift, and go to state 25
    "!="    shift, and go to state 26
    "=="    shift, and go to state 27
    ">="    shift, and go to state 28
    "<="    shift, and go to state 29
    '>'     shift, and go to state 30
    '<'     shift, and go to state 31
    '-'     shift, and go to state 32
    "/\\"   shift, and go to state 33
    "\\/"   shift, and go to state 34
    '*'     shift, and go to state 35
    '/'     shift, and go to state 36
    '%'     shift, and go to state 37
    '^'     shift, and go to state 38

    $default  reduce using rule 9 (EXP)


State 45

    9 EXP: EXP . "||" EXP
   10    | EXP . "&&" EXP
   10    | EXP "&&" EXP .
   14    | EXP . '-' EXP
   15    | EXP . op_sum EXP
   16    | EXP . "/\\" EXP
   17    | EXP . "\\/" EXP
   18    | EXP . '*' EXP
   19    | EXP . '/' EXP
   20    | EXP . '%' EXP
   21    | EXP . '^' EXP
   22    | EXP . "!=" EXP
   23    | EXP . "==" EXP
   24    | EXP . ">=" EXP
   25    | EXP . "<=" EXP
   26    | EXP . '>' EXP
   27    | EXP . '<' EXP

    op_sum  shift, and go to state 23
    "!="    shift, and go to state 26
    "=="    shift, and go to state 27
    ">="    shift, and go to state 28
    "<="    shift, and go to state 29
    '>'     shift, and go to state 30
    '<'     shift, and go to state 31
    '-'     shift, and go to state 32
    "/\\"   shift, and go to state 33
    "\\/"   shift, and go to state 34
    '*'     shift, and go to state 35
    '/'     shift, and go to state 36
    '%'     shift, and go to state 37
    '^'     shift, and go to state 38

    $default  reduce using rule 10 (EXP)


State 46

    9 EXP: EXP . "||" EXP
   10    | EXP . "&&" EXP
   14    | EXP . '-' EXP
   15    | EXP . op_sum EXP
   16    | EXP . "/\\" EXP
   17    | EXP . "\\/" EXP
   18    | EXP . '*' EXP
   19    | EXP . '/' EXP
   20    | EXP . '%' EXP
   21    | EXP . '^' EXP
   22    | EXP . "!=" EXP
   22    | EXP "!=" EXP .
   23    | EXP . "==" EXP
   24    | EXP . ">=" EXP
   25    | EXP . "<=" EXP
   26    | EXP . '>' EXP
   27    | EXP . '<' EXP

    op_sum  shift, and go to state 23
    '-'     shift, and go to state 32
    "/\\"   shift, and go to state 33
    "\\/"   shift, and go to state 34
    '*'     shift, and go to state 35
    '/'     shift, and go to state 36
    '%'     shift, and go to state 37
    '^'     shift, and go to state 38

    $default  reduce using rule 22 (EXP)


State 47

    9 EXP: EXP . "||" EXP
   10    | EXP . "&&" EXP
   14    | EXP . '-' EXP
   15    | EXP . op_sum EXP
   16    | EXP . "/\\" EXP
   17    | EXP . "\\/" EXP
   18    | EXP . '*' EXP
   19    | EXP . '/' EXP
   20    | EXP . '%' EXP
   21    | EXP . '^' EXP
   22    | EXP . "!=" EXP
   23    | EXP . "==" EXP
   23    | EXP "==" EXP .
   24    | EXP . ">=" EXP
   25    | EXP . "<=" EXP
   26    | EXP . '>' EXP
   27    | EXP . '<' EXP

    op_sum  shift, and go to state 23
    '-'     shift, and go to state 32
    "/\\"   shift, and go to state 33
    "\\/"   shift, and go to state 34
    '*'     shift, and go to state 35
    '/'     shift, and go to state 36
    '%'     shift, and go to state 37
    '^'     shift, and go to state 38

    $default  reduce using rule 23 (EXP)


State 48

    9 EXP: EXP . "||" EXP
   10    | EXP . "&&" EXP
   14    | EXP . '-' EXP
   15    | EXP . op_sum EXP
   16    | EXP . "/\\" EXP
   17    | EXP . "\\/" EXP
   18    | EXP . '*' EXP
   19    | EXP . '/' EXP
   20    | EXP . '%' EXP
   21    | EXP . '^' EXP
   22    | EXP . "!=" EXP
   23    | EXP . "==" EXP
   24    | EXP . ">=" EXP
   24    | EXP ">=" EXP .
   25    | EXP . "<=" EXP
   26    | EXP . '>' EXP
   27    | EXP . '<' EXP

    op_sum  shift, and go to state 23
    '-'     shift, and go to state 32
    "/\\"   shift, and go to state 33
    "\\/"   shift, and go to state 34
    '*'     shift, and go to state 35
    '/'     shift, and go to state 36
    '%'     shift, and go to state 37
    '^'     shift, and go to state 38

    $default  reduce using rule 24 (EXP)


State 49

    9 EXP: EXP . "||" EXP
   10    | EXP . "&&" EXP
   14    | EXP . '-' EXP
   15    | EXP . op_sum EXP
   16    | EXP . "/\\" EXP
   17    | EXP . "\\/" EXP
   18    | EXP . '*' EXP
   19    | EXP . '/' EXP
   20    | EXP . '%' EXP
   21    | EXP . '^' EXP
   22    | EXP . "!=" EXP
   23    | EXP . "==" EXP
   24    | EXP . ">=" EXP
   25    | EXP . "<=" EXP
   25    | EXP "<=" EXP .
   26    | EXP . '>' EXP
   27    | EXP . '<' EXP

    op_sum  shift, and go to state 23
    '-'     shift, and go to state 32
    "/\\"   shift, and go to state 33
    "\\/"   shift, and go to state 34
    '*'     shift, and go to state 35
    '/'     shift, and go to state 36
    '%'     shift, and go to state 37
    '^'     shift, and go to state 38

    $default  reduce using rule 25 (EXP)


State 50

    9 EXP: EXP . "||" EXP
   10    | EXP . "&&" EXP
   14    | EXP . '-' EXP
   15    | EXP . op_sum EXP
   16    | EXP . "/\\" EXP
   17    | EXP . "\\/" EXP
   18    | EXP . '*' EXP
   19    | EXP . '/' EXP
   20    | EXP . '%' EXP
   21    | EXP . '^' EXP
   22    | EXP . "!=" EXP
   23    | EXP . "==" EXP
   24    | EXP . ">=" EXP
   25    | EXP . "<=" EXP
   26    | EXP . '>' EXP
   26    | EXP '>' EXP .
   27    | EXP . '<' EXP

    op_sum  shift, and go to state 23
    '-'     shift, and go to state 32
    "/\\"   shift, and go to state 33
    "\\/"   shift, and go to state 34
    '*'     shift, and go to state 35
    '/'     shift, and go to state 36
    '%'     shift, and go to state 37
    '^'     shift, and go to state 38

    $default  reduce using rule 26 (EXP)


State 51

    9 EXP: EXP . "||" EXP
   10    | EXP . "&&" EXP
   14    | EXP . '-' EXP
   15    | EXP . op_sum EXP
   16    | EXP . "/\\" EXP
   17    | EXP . "\\/" EXP
   18    | EXP . '*' EXP
   19    | EXP . '/' EXP
   20    | EXP . '%' EXP
   21    | EXP . '^' EXP
   22    | EXP . "!=" EXP
   23    | EXP . "==" EXP
   24    | EXP . ">=" EXP
   25    | EXP . "<=" EXP
   26    | EXP . '>' EXP
   27    | EXP . '<' EXP
   27    | EXP '<' EXP .

    op_sum  shift, and go to state 23
    '-'     shift, and go to state 32
    "/\\"   shift, and go to state 33
    "\\/"   shift, and go to state 34
    '*'     shift, and go to state 35
    '/'     shift, and go to state 36
    '%'     shift, and go to state 37
    '^'     shift, and go to state 38

    $default  reduce using rule 27 (EXP)


State 52

    9 EXP: EXP . "||" EXP
   10    | EXP . "&&" EXP
   14    | EXP . '-' EXP
   14    | EXP '-' EXP .
   15    | EXP . op_sum EXP
   16    | EXP . "/\\" EXP
   17    | EXP . "\\/" EXP
   18    | EXP . '*' EXP
   19    | EXP . '/' EXP
   20    | EXP . '%' EXP
   21    | EXP . '^' EXP
   22    | EXP . "!=" EXP
   23    | EXP . "==" EXP
   24    | EXP . ">=" EXP
   25    | EXP . "<=" EXP
   26    | EXP . '>' EXP
   27    | EXP . '<' EXP

    '*'  shift, and go to state 35
    '/'  shift, and go to state 36
    '%'  shift, and go to state 37
    '^'  shift, and go to state 38

    $default  reduce using rule 14 (EXP)


State 53

    9 EXP: EXP . "||" EXP
   10    | EXP . "&&" EXP
   14    | EXP . '-' EXP
   15    | EXP . op_sum EXP
   16    | EXP . "/\\" EXP
   16    | EXP "/\\" EXP .
   17    | EXP . "\\/" EXP
   18    | EXP . '*' EXP
   19    | EXP . '/' EXP
   20    | EXP . '%' EXP
   21    | EXP . '^' EXP
   22    | EXP . "!=" EXP
   23    | EXP . "==" EXP
   24    | EXP . ">=" EXP
   25    | EXP . "<=" EXP
   26    | EXP . '>' EXP
   27    | EXP . '<' EXP

    '*'  shift, and go to state 35
    '/'  shift, and go to state 36
    '%'  shift, and go to state 37
    '^'  shift, and go to state 38

    $default  reduce using rule 16 (EXP)


State 54

    9 EXP: EXP . "||" EXP
   10    | EXP . "&&" EXP
   14    | EXP . '-' EXP
   15    | EXP . op_sum EXP
   16    | EXP . "/\\" EXP
   17    | EXP . "\\/" EXP
   17    | EXP "\\/" EXP .
   18    | EXP . '*' EXP
   19    | EXP . '/' EXP
   20    | EXP . '%' EXP
   21    | EXP . '^' EXP
   22    | EXP . "!=" EXP
   23    | EXP . "==" EXP
   24    | EXP . ">=" EXP
   25    | EXP . "<=" EXP
   26    | EXP . '>' EXP
   27    | EXP . '<' EXP

    '*'  shift, and go to state 35
    '/'  shift, and go to state 36
    '%'  shift, and go to state 37
    '^'  shift, and go to state 38

    $default  reduce using rule 17 (EXP)


State 55

    9 EXP: EXP . "||" EXP
   10    | EXP . "&&" EXP
   14    | EXP . '-' EXP
   15    | EXP . op_sum EXP
   16    | EXP . "/\\" EXP
   17    | EXP . "\\/" EXP
   18    | EXP . '*' EXP
   18    | EXP '*' EXP .
   19    | EXP . '/' EXP
   20    | EXP . '%' EXP
   21    | EXP . '^' EXP
   22    | EXP . "!=" EXP
   23    | EXP . "==" EXP
   24    | EXP . ">=" EXP
   25    | EXP . "<=" EXP
   26    | EXP . '>' EXP
   27    | EXP . '<' EXP

    '^'  shift, and go to state 38

    $default  reduce using rule 18 (EXP)


State 56

    9 EXP: EXP . "||" EXP
   10    | EXP . "&&" EXP
   14    | EXP . '-' EXP
   15    | EXP . op_sum EXP
   16    | EXP . "/\\" EXP
   17    | EXP . "\\/" EXP
   18    | EXP . '*' EXP
   19    | EXP . '/' EXP
   19    | EXP '/' EXP .
   20    | EXP . '%' EXP
   21    | EXP . '^' EXP
   22    | EXP . "!=" EXP
   23    | EXP . "==" EXP
   24    | EXP . ">=" EXP
   25    | EXP . "<=" EXP
   26    | EXP . '>' EXP
   27    | EXP . '<' EXP

    '^'  shift, and go to state 38

    $default  reduce using rule 19 (EXP)


State 57

    9 EXP: EXP . "||" EXP
   10    | EXP . "&&" EXP
   14    | EXP . '-' EXP
   15    | EXP . op_sum EXP
   16    | EXP . "/\\" EXP
   17    | EXP . "\\/" EXP
   18    | EXP . '*' EXP
   19    | EXP . '/' EXP
   20    | EXP . '%' EXP
   20    | EXP '%' EXP .
   21    | EXP . '^' EXP
   22    | EXP . "!=" EXP
   23    | EXP . "==" EXP
   24    | EXP . ">=" EXP
   25    | EXP . "<=" EXP
   26    | EXP . '>' EXP
   27    | EXP . '<' EXP

    '^'  shift, and go to state 38

    $default  reduce using rule 20 (EXP)


State 58

    9 EXP: EXP . "||" EXP
   10    | EXP . "&&" EXP
   14    | EXP . '-' EXP
   15    | EXP . op_sum EXP
   16    | EXP . "/\\" EXP
   17    | EXP . "\\/" EXP
   18    | EXP . '*' EXP
   19    | EXP . '/' EXP
   20    | EXP . '%' EXP
   21    | EXP . '^' EXP
   21    | EXP '^' EXP .
   22    | EXP . "!=" EXP
   23    | EXP . "==" EXP
   24    | EXP . ">=" EXP
   25    | EXP . "<=" EXP
   26    | EXP . '>' EXP
   27    | EXP . '<' EXP

    '^'  shift, and go to state 38

    $default  reduce using rule 21 (EXP)


State 59

   31 EXP_ID: '(' EXP ')' .

    $default  reduce using rule 31 (EXP_ID)


State 60

   30 EXP_ID: '[' EXP ']' .

    $default  reduce using rule 30 (EXP_ID)
